SRA values tested: ['SRR5660030', 'SRR5660033', 'SRR5660044', 'SRR5660045']
SRR5660030 SRA file downloaded
SRR5660033 SRA file downloaded
SRR5660044 SRA file downloaded
SRR5660045 SRA file downloaded
The HCMV genome (EF999921) has 168
target_id test_stat pval qval

ABV71604.1 14.8058663288888 0.000119164234539767 0.0117093829168113

ABV71622.1 14.4990246483655 0.000140232130740256 0.0117093829168113

ABV71560.1 13.0094839327533 0.000309917340698531 0.0154311874422261

ABV71652.1 12.6798901698129 0.000369609280053321 0.0154311874422261

ABV71626.1 11.8133199295032 0.000588084748467873 0.0172288449428092

ABV71651.1 11.469261959256 0.000707567748131834 0.0172288449428092

ABV71646.1 11.4313109283572 0.000722167153291402 0.0172288449428092

ABV71649.1 11.1497503660432 0.000840429819276908 0.0175439724774055

ABV71561.1 10.4406482452047 0.00123271998392656 0.0228738041461928

ABV71595.1 10.0085965855827 0.00155811209263195 0.0260204719469535

ABV71519.1 8.64355078309844 0.00328221113267218 0.0440877450176177

ABV71596.1 8.5711511482984 0.00341531153068117 0.0440877450176177

ABV71506.1 8.40172409427908 0.00374865309033353 0.0440877450176177

ABV71607.1 8.35147586450072 0.00385374178745047 0.0440877450176177

ABV71635.1 8.30207670055876 0.00395997709739081 0.0440877450176177

ABV71507.1 7.96945436003376 0.00475732768397104 0.0496546077014477

Donor 1 (2dpi) had 4518574 read pairs before Bowtie2 filtering and 3336597 read pairs after
Donor 1 (6dpi) had 4009060 read pairs before Bowtie2 filtering and 2599735 read pairs after
Donor 3 (2dpi) had 5460516 read pairs before Bowtie2 filtering and 3983409 read pairs after
Donor 3 (6dpi) had 4953778 read pairs before Bowtie2 filtering and 2687368 read pairs after
spades -k 55,77,99,127 -t 2 -s EF999921_SRR5660030.fastq -s EF999921_SRR5660033.fastq -s EF999921_SRR5660044.fastq -s EF999921_SRR5660045.fastq -o Spades/
There are 37  contigs > 1000 in the assembly
There are 66754 bp in the assembly
seq_title align_len number_HSPs topHSP_ident topHSP_gaps topHSP_bits topHSP_expect
gi|299065054|emb|FP885895.1| 3596030 35 55 0 68.0109 1.83025e-08
gi|299070035|emb|FP885897.1| 3417386 21 64 1 67.1093 6.38818e-08
gi|432156676|emb|FO203508.1| 4420197 22 31 0 49.0756 0.0171419
gi|432152694|emb|FO203507.1| 4432426 21 37 1 48.1739 0.0171419
gi|432164605|emb|FO203510.1| 4524466 25 34 3 47.2722 0.059831
gi|432160663|emb|FO203509.1| 4525948 42 34 3 47.2722 0.059831
gi|356875477|emb|HE577327.1| 3023440 25 34 0 46.3705 0.059831
gi|1590393896|gb|CP034204.1| 6129159 12 33 0 44.5672 0.208831
gi|330250293|gb|CP002685.1| 19698289 15 24 0 44.5672 0.208831
gi|1772322599|gb|CP039618.1| 2445479 2 25 0 40.9604 2.54408
